github.com/cthiel77/server-demo/internal/app/app.go:20:			InitFlags		100.0%
github.com/cthiel77/server-demo/internal/app/app.go:25:			PrintConfig		100.0%
github.com/cthiel77/server-demo/internal/cfg/config.go:20:		GetAppModeKey		100.0%
github.com/cthiel77/server-demo/internal/cfg/config.go:28:		DevModeEnabled		100.0%
github.com/cthiel77/server-demo/internal/cfg/config.go:33:		ProdModeEnabled		100.0%
github.com/cthiel77/server-demo/internal/cfg/loader/loader.go:26:	init			87.5%
github.com/cthiel77/server-demo/internal/cfg/loader/loader.go:44:	LoadConfigDataFile	73.3%
github.com/cthiel77/server-demo/internal/cfg/loader/loader.go:72:	LoadConfigData		75.0%
github.com/cthiel77/server-demo/internal/cfg/loader/loader.go:92:	LoadFile		100.0%
github.com/cthiel77/server-demo/internal/cfg/loader/loader.go:101:	PrintConfig		85.7%
github.com/cthiel77/server-demo/internal/cfg/loader/loader.go:113:	walkConfig		77.8%
github.com/cthiel77/server-demo/internal/cfg/loader/loader.go:158:	indent			100.0%
github.com/cthiel77/server-demo/internal/cli/branding/branding.go:18:	GetASCIIClaim		100.0%
github.com/cthiel77/server-demo/internal/cli/branding/branding.go:28:	PrintClaim		100.0%
github.com/cthiel77/server-demo/internal/cli/branding/branding.go:33:	PrintCompanyName	100.0%
github.com/cthiel77/server-demo/internal/cli/branding/branding.go:38:	GetAppName		100.0%
github.com/cthiel77/server-demo/internal/cli/branding/branding.go:43:	GetIntro		100.0%
github.com/cthiel77/server-demo/internal/cli/branding/branding.go:55:	GetASCIICompanyName	100.0%
github.com/cthiel77/server-demo/internal/cli/branding/branding.go:60:	GetCopyright		100.0%
github.com/cthiel77/server-demo/internal/cli/command/config.go:6:	CreatePrintConfigCmd	100.0%
github.com/cthiel77/server-demo/internal/cli/command/root.go:10:	CreateRootCmd		100.0%
github.com/cthiel77/server-demo/internal/cli/flags/flags.go:12:		Init			100.0%
github.com/cthiel77/server-demo/internal/cli/flags/flags.go:25:		Process			0.0%
github.com/cthiel77/server-demo/internal/db/db.go:19:			initDB			85.7%
github.com/cthiel77/server-demo/internal/db/db.go:54:			Run			77.8%
github.com/cthiel77/server-demo/internal/db/t_hero.go:9:		loadHeroData		85.7%
github.com/cthiel77/server-demo/internal/db/t_hero.go:53:		NewHeroQuerstack	100.0%
github.com/cthiel77/server-demo/internal/db/t_hero.go:60:		GetAll			69.2%
github.com/cthiel77/server-demo/internal/db/t_hero.go:85:		GetByID			0.0%
github.com/cthiel77/server-demo/internal/db/t_hero.go:105:		Insert			85.7%
github.com/cthiel77/server-demo/internal/error/error.go:21:		Error			100.0%
github.com/cthiel77/server-demo/internal/error/error.go:29:		GetCode			66.7%
github.com/cthiel77/server-demo/internal/error/error.go:37:		GetMessage		66.7%
github.com/cthiel77/server-demo/internal/error/error.go:45:		NewError		100.0%
github.com/cthiel77/server-demo/internal/error/error.go:54:		NewErrorWithTrace	100.0%
github.com/cthiel77/server-demo/internal/error/error.go:61:		FromGoError		100.0%
github.com/cthiel77/server-demo/internal/error/error.go:69:		FromErrorList		100.0%
github.com/cthiel77/server-demo/internal/error/error.go:87:		ToString		100.0%
github.com/cthiel77/server-demo/internal/error/errorf.go:13:		NewErrorf		100.0%
github.com/cthiel77/server-demo/internal/error/errorf.go:29:		checkNilInterface	83.3%
github.com/cthiel77/server-demo/internal/error/errorf.go:43:		NewErrorWithTracef	100.0%
github.com/cthiel77/server-demo/internal/log/log.go:45:			Levels			100.0%
github.com/cthiel77/server-demo/internal/log/log.go:50:			Fire			100.0%
github.com/cthiel77/server-demo/internal/log/log.go:62:			Levels			100.0%
github.com/cthiel77/server-demo/internal/log/log.go:68:			Fire			100.0%
github.com/cthiel77/server-demo/internal/log/log.go:89:			NewLogger		73.9%
github.com/cthiel77/server-demo/internal/log/log.go:141:		InitFlags		100.0%
github.com/cthiel77/server-demo/internal/log/log.go:146:		GetLogLevel		66.7%
github.com/cthiel77/server-demo/internal/log/log.go:154:		PrintConfig		0.0%
github.com/cthiel77/server-demo/internal/meta/app.go:38:		InitAppCatalog		80.0%
github.com/cthiel77/server-demo/internal/meta/app.go:49:		InitFlags		0.0%
github.com/cthiel77/server-demo/internal/meta/app.go:58:		ProcessFlags		0.0%
github.com/cthiel77/server-demo/internal/meta/app.go:80:		GetAppName		100.0%
github.com/cthiel77/server-demo/internal/meta/app.go:85:		GetAppDescription	100.0%
github.com/cthiel77/server-demo/internal/meta/app.go:90:		GetAppLicense		100.0%
github.com/cthiel77/server-demo/internal/meta/author.go:21:		GetAuthorName		100.0%
github.com/cthiel77/server-demo/internal/meta/author.go:26:		GetAuthorEmail		100.0%
github.com/cthiel77/server-demo/internal/meta/author.go:31:		GetAuthorCompany	100.0%
github.com/cthiel77/server-demo/internal/meta/version.go:23:		GetVersionID		100.0%
github.com/cthiel77/server-demo/internal/meta/version.go:28:		GetBuildTime		100.0%
github.com/cthiel77/server-demo/internal/meta/version.go:33:		GetVersionHashAlg	100.0%
github.com/cthiel77/server-demo/internal/meta/version.go:38:		GetVersionHash		100.0%
total:									(statements)		77.6%
